{"timestamp":"2025-11-29T16:04:28.097513Z","level":"info","event":"DAG bundles loaded: dags-folder","logger":"airflow.dag_processing.bundles.manager.DagBundlesManager","filename":"manager.py","lineno":179}
{"timestamp":"2025-11-29T16:04:28.097844Z","level":"info","event":"Filling up the DagBag from /opt/airflow/dags/project_dag.py","logger":"airflow.models.dagbag.DagBag","filename":"dagbag.py","lineno":593}
{"timestamp":"2025-11-29T16:04:28.126029Z","level":"info","event":"Tmp dir root location: /tmp","logger":"airflow.task.hooks.airflow.providers.standard.hooks.subprocess.SubprocessHook","filename":"subprocess.py","lineno":78}
{"timestamp":"2025-11-29T16:04:28.126412Z","level":"info","event":"Running command: ['/usr/bin/bash', '-c', 'cd /opt/airflow/dags/scripts && python generate_data_load_postgres.py']","logger":"airflow.task.hooks.airflow.providers.standard.hooks.subprocess.SubprocessHook","filename":"subprocess.py","lineno":88}
{"timestamp":"2025-11-29T16:04:28.133548Z","level":"info","event":"Output:","logger":"airflow.task.hooks.airflow.providers.standard.hooks.subprocess.SubprocessHook","filename":"subprocess.py","lineno":99}
{"timestamp":"2025-11-29T16:04:29.305578Z","level":"info","event":"🧹 Cleaning database...","logger":"airflow.task.hooks.airflow.providers.standard.hooks.subprocess.SubprocessHook","filename":"subprocess.py","lineno":106}
{"timestamp":"2025-11-29T16:04:29.307139Z","level":"info","event":"✅ Database cleaned successfully!","logger":"airflow.task.hooks.airflow.providers.standard.hooks.subprocess.SubprocessHook","filename":"subprocess.py","lineno":106}
{"timestamp":"2025-11-29T16:04:29.307225Z","level":"info","event":"","logger":"airflow.task.hooks.airflow.providers.standard.hooks.subprocess.SubprocessHook","filename":"subprocess.py","lineno":106}
{"timestamp":"2025-11-29T16:04:29.311405Z","level":"info","event":"📊 Inserting data from CSV files...","logger":"airflow.task.hooks.airflow.providers.standard.hooks.subprocess.SubprocessHook","filename":"subprocess.py","lineno":106}
{"timestamp":"2025-11-29T16:04:29.322623Z","level":"info","event":"   ✅ 100 rows inserted into organizations_100 (next ID will be 101)","logger":"airflow.task.hooks.airflow.providers.standard.hooks.subprocess.SubprocessHook","filename":"subprocess.py","lineno":106}
{"timestamp":"2025-11-29T16:04:29.330816Z","level":"info","event":"   ✅ 100 rows inserted into people_100 (next ID will be 101)","logger":"airflow.task.hooks.airflow.providers.standard.hooks.subprocess.SubprocessHook","filename":"subprocess.py","lineno":106}
{"timestamp":"2025-11-29T16:04:29.356165Z","level":"info","event":"   ✅ 100 rows inserted into products_100 (next ID will be 101)","logger":"airflow.task.hooks.airflow.providers.standard.hooks.subprocess.SubprocessHook","filename":"subprocess.py","lineno":106}
{"timestamp":"2025-11-29T16:04:29.356623Z","level":"info","event":"","logger":"airflow.task.hooks.airflow.providers.standard.hooks.subprocess.SubprocessHook","filename":"subprocess.py","lineno":106}
{"timestamp":"2025-11-29T16:04:29.356685Z","level":"info","event":"✅ All data inserted successfully!","logger":"airflow.task.hooks.airflow.providers.standard.hooks.subprocess.SubprocessHook","filename":"subprocess.py","lineno":106}
{"timestamp":"2025-11-29T16:04:34.356763Z","level":"info","event":"","logger":"airflow.task.hooks.airflow.providers.standard.hooks.subprocess.SubprocessHook","filename":"subprocess.py","lineno":106}
{"timestamp":"2025-11-29T16:04:34.356867Z","level":"info","event":"🔄 Starting continuous data simulation...","logger":"airflow.task.hooks.airflow.providers.standard.hooks.subprocess.SubprocessHook","filename":"subprocess.py","lineno":106}
{"timestamp":"2025-11-29T16:04:34.356893Z","level":"info","event":"","logger":"airflow.task.hooks.airflow.providers.standard.hooks.subprocess.SubprocessHook","filename":"subprocess.py","lineno":106}
{"timestamp":"2025-11-29T16:04:39.723037Z","level":"info","event":"[16:04:39] 🔄 Operation #1: UPDATED organization (Index=61) - employees: 1480, country: France","logger":"airflow.task.hooks.airflow.providers.standard.hooks.subprocess.SubprocessHook","filename":"subprocess.py","lineno":106}
{"timestamp":"2025-11-29T16:04:44.653670Z","level":"info","event":"[16:04:44] ✅ Operation #2: INSERTED new company 'Company 7647' from Germany (Index=101)","logger":"airflow.task.hooks.airflow.providers.standard.hooks.subprocess.SubprocessHook","filename":"subprocess.py","lineno":106}
{"timestamp":"2025-11-29T16:04:50.476502Z","level":"info","event":"[16:04:50] ❌ Operation #3: DELETED organization 'Floyd Ltd' (Index=67)","logger":"airflow.task.hooks.airflow.providers.standard.hooks.subprocess.SubprocessHook","filename":"subprocess.py","lineno":106}
{"timestamp":"2025-11-29T16:04:55.254365Z","level":"info","event":"[16:04:55] 🔄 Operation #4: UPDATED organization (Index=7) - employees: 261, country: Italy","logger":"airflow.task.hooks.airflow.providers.standard.hooks.subprocess.SubprocessHook","filename":"subprocess.py","lineno":106}
{"timestamp":"2025-11-29T16:04:57.761233Z","level":"info","event":"[16:04:57] ✅ Operation #5: INSERTED new company 'Company 3914' from Poland (Index=102)","logger":"airflow.task.hooks.airflow.providers.standard.hooks.subprocess.SubprocessHook","filename":"subprocess.py","lineno":106}
{"timestamp":"2025-11-29T16:05:01.693913Z","level":"info","event":"[16:05:01] 🔄 Operation #6: UPDATED organization (Index=75) - employees: 9516, country: Germany","logger":"airflow.task.hooks.airflow.providers.standard.hooks.subprocess.SubprocessHook","filename":"subprocess.py","lineno":106}
{"timestamp":"2025-11-29T16:05:07.387012Z","level":"info","event":"[16:05:07] ❌ Operation #7: DELETED organization 'Keller, Campos and Black' (Index=13)","logger":"airflow.task.hooks.airflow.providers.standard.hooks.subprocess.SubprocessHook","filename":"subprocess.py","lineno":106}
{"timestamp":"2025-11-29T16:05:09.434881Z","level":"info","event":"[16:05:09] ✅ Operation #8: INSERTED new company 'Company 6621' from Brazil (Index=103)","logger":"airflow.task.hooks.airflow.providers.standard.hooks.subprocess.SubprocessHook","filename":"subprocess.py","lineno":106}
{"timestamp":"2025-11-29T16:05:14.476637Z","level":"info","event":"[16:05:14] 🔄 Operation #9: UPDATED organization (Index=92) - employees: 8473, country: Poland","logger":"airflow.task.hooks.airflow.providers.standard.hooks.subprocess.SubprocessHook","filename":"subprocess.py","lineno":106}
{"timestamp":"2025-11-29T16:05:18.983617Z","level":"info","event":"[16:05:18] ❌ Operation #10: DELETED organization 'Mckenzie-Melton' (Index=18)","logger":"airflow.task.hooks.airflow.providers.standard.hooks.subprocess.SubprocessHook","filename":"subprocess.py","lineno":106}
{"timestamp":"2025-11-29T16:05:22.974980Z","level":"info","event":"[16:05:22] ❌ Operation #11: DELETED organization 'Mckinney, Riley and Day' (Index=2)","logger":"airflow.task.hooks.airflow.providers.standard.hooks.subprocess.SubprocessHook","filename":"subprocess.py","lineno":106}
{"timestamp":"2025-11-29T16:05:28.118707Z","level":"info","event":"[16:05:28] ❌ Operation #12: DELETED organization 'Duffy-Levy' (Index=71)","logger":"airflow.task.hooks.airflow.providers.standard.hooks.subprocess.SubprocessHook","filename":"subprocess.py","lineno":106}
{"timestamp":"2025-11-29T16:05:33.919508Z","level":"info","event":"[16:05:33] ❌ Operation #13: DELETED organization 'Valentine, Ferguson and Kramer' (Index=40)","logger":"airflow.task.hooks.airflow.providers.standard.hooks.subprocess.SubprocessHook","filename":"subprocess.py","lineno":106}
{"timestamp":"2025-11-29T16:05:39.098151Z","level":"info","event":"[16:05:39] ✅ Operation #14: INSERTED new company 'Company 6079' from Brazil (Index=101)","logger":"airflow.task.hooks.airflow.providers.standard.hooks.subprocess.SubprocessHook","filename":"subprocess.py","lineno":106}
{"timestamp":"2025-11-29T16:05:41.626610Z","level":"info","event":"[16:05:41] ❌ Operation #15: DELETED organization 'Montes-Hensley' (Index=81)","logger":"airflow.task.hooks.airflow.providers.standard.hooks.subprocess.SubprocessHook","filename":"subprocess.py","lineno":106}
{"timestamp":"2025-11-29T16:05:45.535637Z","level":"info","event":"[16:05:45] 🔄 Operation #16: UPDATED organization (Index=76) - employees: 3868, country: Poland","logger":"airflow.task.hooks.airflow.providers.standard.hooks.subprocess.SubprocessHook","filename":"subprocess.py","lineno":106}
{"timestamp":"2025-11-29T16:05:49.269313Z","level":"info","event":"[16:05:49] ❌ Operation #17: DELETED organization 'Miles-Dominguez' (Index=92)","logger":"airflow.task.hooks.airflow.providers.standard.hooks.subprocess.SubprocessHook","filename":"subprocess.py","lineno":106}
{"timestamp":"2025-11-29T16:05:54.980988Z","level":"info","event":"[16:05:54] 🔄 Operation #18: UPDATED organization (Index=101) - employees: 6590, country: Germany","logger":"airflow.task.hooks.airflow.providers.standard.hooks.subprocess.SubprocessHook","filename":"subprocess.py","lineno":106}
{"timestamp":"2025-11-29T16:05:59.097158Z","level":"info","event":"[16:05:59] ✅ Operation #19: INSERTED new company 'Company 9070' from Spain (Index=104)","logger":"airflow.task.hooks.airflow.providers.standard.hooks.subprocess.SubprocessHook","filename":"subprocess.py","lineno":106}
{"timestamp":"2025-11-29T16:06:03.498338Z","level":"info","event":"[16:06:03] ✅ Operation #20: INSERTED new company 'Company 2714' from Spain (Index=105)","logger":"airflow.task.hooks.airflow.providers.standard.hooks.subprocess.SubprocessHook","filename":"subprocess.py","lineno":106}
{"timestamp":"2025-11-29T16:06:06.626526Z","level":"info","event":"[16:06:06] ✅ Operation #21: INSERTED new company 'Company 2193' from Germany (Index=106)","logger":"airflow.task.hooks.airflow.providers.standard.hooks.subprocess.SubprocessHook","filename":"subprocess.py","lineno":106}
{"timestamp":"2025-11-29T16:06:11.362955Z","level":"info","event":"[16:06:11] ✅ Operation #22: INSERTED new company 'Company 9131' from Spain (Index=107)","logger":"airflow.task.hooks.airflow.providers.standard.hooks.subprocess.SubprocessHook","filename":"subprocess.py","lineno":106}
{"timestamp":"2025-11-29T16:06:15.552001Z","level":"info","event":"[16:06:15] ❌ Operation #23: DELETED organization 'Erickson, Andrews and Bailey' (Index=65)","logger":"airflow.task.hooks.airflow.providers.standard.hooks.subprocess.SubprocessHook","filename":"subprocess.py","lineno":106}
{"timestamp":"2025-11-29T16:06:20.452274Z","level":"info","event":"[16:06:20] 🔄 Operation #24: UPDATED organization (Index=35) - employees: 4595, country: France","logger":"airflow.task.hooks.airflow.providers.standard.hooks.subprocess.SubprocessHook","filename":"subprocess.py","lineno":106}
{"timestamp":"2025-11-29T16:06:23.218127Z","level":"info","event":"[16:06:23] 🔄 Operation #25: UPDATED organization (Index=42) - employees: 8518, country: Italy","logger":"airflow.task.hooks.airflow.providers.standard.hooks.subprocess.SubprocessHook","filename":"subprocess.py","lineno":106}
{"timestamp":"2025-11-29T16:06:26.260948Z","level":"info","event":"[16:06:26] ❌ Operation #26: DELETED organization 'Rivas Group' (Index=30)","logger":"airflow.task.hooks.airflow.providers.standard.hooks.subprocess.SubprocessHook","filename":"subprocess.py","lineno":106}
{"timestamp":"2025-11-29T16:06:31.377562Z","level":"info","event":"[16:06:31] ❌ Operation #27: DELETED organization 'Cummings-Rojas' (Index=77)","logger":"airflow.task.hooks.airflow.providers.standard.hooks.subprocess.SubprocessHook","filename":"subprocess.py","lineno":106}
{"timestamp":"2025-11-29T16:06:34.929793Z","level":"info","event":"[16:06:34] 🔄 Operation #28: UPDATED organization (Index=52) - employees: 4577, country: Brazil","logger":"airflow.task.hooks.airflow.providers.standard.hooks.subprocess.SubprocessHook","filename":"subprocess.py","lineno":106}
{"timestamp":"2025-11-29T16:06:36.932135Z","level":"info","event":"[16:06:36] ❌ Operation #29: DELETED organization 'Gonzales Ltd' (Index=50)","logger":"airflow.task.hooks.airflow.providers.standard.hooks.subprocess.SubprocessHook","filename":"subprocess.py","lineno":106}
{"timestamp":"2025-11-29T16:06:40.919459Z","level":"info","event":"[16:06:40] ✅ Operation #30: INSERTED new company 'Company 8545' from Spain (Index=108)","logger":"airflow.task.hooks.airflow.providers.standard.hooks.subprocess.SubprocessHook","filename":"subprocess.py","lineno":106}
{"timestamp":"2025-11-29T16:06:46.690522Z","level":"info","event":"[16:06:46] 🔄 Operation #31: UPDATED organization (Index=67) - employees: 4259, country: France","logger":"airflow.task.hooks.airflow.providers.standard.hooks.subprocess.SubprocessHook","filename":"subprocess.py","lineno":106}
{"timestamp":"2025-11-29T16:06:51.724827Z","level":"info","event":"[16:06:51] 🔄 Operation #32: UPDATED organization (Index=74) - employees: 2233, country: Germany","logger":"airflow.task.hooks.airflow.providers.standard.hooks.subprocess.SubprocessHook","filename":"subprocess.py","lineno":106}
{"timestamp":"2025-11-29T16:06:55.710472Z","level":"info","event":"[16:06:55] ❌ Operation #33: DELETED organization 'Richard PLC' (Index=55)","logger":"airflow.task.hooks.airflow.providers.standard.hooks.subprocess.SubprocessHook","filename":"subprocess.py","lineno":106}
{"timestamp":"2025-11-29T16:07:00.421847Z","level":"info","event":"[16:07:00] 🔄 Operation #34: UPDATED organization (Index=10) - employees: 839, country: France","logger":"airflow.task.hooks.airflow.providers.standard.hooks.subprocess.SubprocessHook","filename":"subprocess.py","lineno":106}
