{"timestamp":"2025-11-29T16:08:55.942121Z","level":"info","event":"DAG bundles loaded: dags-folder","logger":"airflow.dag_processing.bundles.manager.DagBundlesManager","filename":"manager.py","lineno":179}
{"timestamp":"2025-11-29T16:08:55.942532Z","level":"info","event":"Filling up the DagBag from /opt/airflow/dags/project_dag.py","logger":"airflow.models.dagbag.DagBag","filename":"dagbag.py","lineno":593}
{"timestamp":"2025-11-29T16:08:55.959194Z","level":"info","event":"Tmp dir root location: /tmp","logger":"airflow.task.hooks.airflow.providers.standard.hooks.subprocess.SubprocessHook","filename":"subprocess.py","lineno":78}
{"timestamp":"2025-11-29T16:08:55.959588Z","level":"info","event":"Running command: ['/usr/bin/bash', '-c', 'cd /opt/airflow/dags/scripts && python simulate_change.py']","logger":"airflow.task.hooks.airflow.providers.standard.hooks.subprocess.SubprocessHook","filename":"subprocess.py","lineno":88}
{"timestamp":"2025-11-29T16:08:55.967335Z","level":"info","event":"Output:","logger":"airflow.task.hooks.airflow.providers.standard.hooks.subprocess.SubprocessHook","filename":"subprocess.py","lineno":99}
{"timestamp":"2025-11-29T16:09:01.052625Z","level":"info","event":"","logger":"airflow.task.hooks.airflow.providers.standard.hooks.subprocess.SubprocessHook","filename":"subprocess.py","lineno":106}
{"timestamp":"2025-11-29T16:09:01.052726Z","level":"info","event":"🔄 Starting continuous data simulation...","logger":"airflow.task.hooks.airflow.providers.standard.hooks.subprocess.SubprocessHook","filename":"subprocess.py","lineno":106}
{"timestamp":"2025-11-29T16:09:01.052755Z","level":"info","event":"","logger":"airflow.task.hooks.airflow.providers.standard.hooks.subprocess.SubprocessHook","filename":"subprocess.py","lineno":106}
{"timestamp":"2025-11-29T16:09:05.081637Z","level":"info","event":"[16:09:05] ✅ Operation #1: INSERTED new company 'Company 5179' from Poland (Index=101)","logger":"airflow.task.hooks.airflow.providers.standard.hooks.subprocess.SubprocessHook","filename":"subprocess.py","lineno":106}
{"timestamp":"2025-11-29T16:09:09.370081Z","level":"info","event":"[16:09:09] 🔄 Operation #2: UPDATED organization (Index=41) - employees: 2178, country: Japan","logger":"airflow.task.hooks.airflow.providers.standard.hooks.subprocess.SubprocessHook","filename":"subprocess.py","lineno":106}
{"timestamp":"2025-11-29T16:09:12.451168Z","level":"info","event":"[16:09:12] ❌ Operation #3: DELETED organization 'Miles-Dominguez' (Index=92)","logger":"airflow.task.hooks.airflow.providers.standard.hooks.subprocess.SubprocessHook","filename":"subprocess.py","lineno":106}
{"timestamp":"2025-11-29T16:09:17.527936Z","level":"info","event":"[16:09:17] ✅ Operation #4: INSERTED new company 'Company 7444' from Spain (Index=102)","logger":"airflow.task.hooks.airflow.providers.standard.hooks.subprocess.SubprocessHook","filename":"subprocess.py","lineno":106}
{"timestamp":"2025-11-29T16:09:20.737054Z","level":"info","event":"[16:09:20] ❌ Operation #5: DELETED organization 'Cherry, Le and Callahan' (Index=57)","logger":"airflow.task.hooks.airflow.providers.standard.hooks.subprocess.SubprocessHook","filename":"subprocess.py","lineno":106}
{"timestamp":"2025-11-29T16:09:23.525573Z","level":"info","event":"[16:09:23] ✅ Operation #6: INSERTED new company 'Company 5669' from Poland (Index=103)","logger":"airflow.task.hooks.airflow.providers.standard.hooks.subprocess.SubprocessHook","filename":"subprocess.py","lineno":106}
{"timestamp":"2025-11-29T16:09:29.234625Z","level":"info","event":"[16:09:29] ❌ Operation #7: DELETED organization 'Holder-Sellers' (Index=4)","logger":"airflow.task.hooks.airflow.providers.standard.hooks.subprocess.SubprocessHook","filename":"subprocess.py","lineno":106}
{"timestamp":"2025-11-29T16:09:32.872146Z","level":"info","event":"[16:09:32] 🔄 Operation #8: UPDATED organization (Index=46) - employees: 1308, country: Poland","logger":"airflow.task.hooks.airflow.providers.standard.hooks.subprocess.SubprocessHook","filename":"subprocess.py","lineno":106}
{"timestamp":"2025-11-29T16:09:38.828955Z","level":"info","event":"[16:09:38] 🔄 Operation #9: UPDATED organization (Index=22) - employees: 5072, country: Spain","logger":"airflow.task.hooks.airflow.providers.standard.hooks.subprocess.SubprocessHook","filename":"subprocess.py","lineno":106}
{"timestamp":"2025-11-29T16:09:43.314492Z","level":"info","event":"[16:09:43] ❌ Operation #10: DELETED organization 'Sampson-Griffith' (Index=91)","logger":"airflow.task.hooks.airflow.providers.standard.hooks.subprocess.SubprocessHook","filename":"subprocess.py","lineno":106}
{"timestamp":"2025-11-29T16:09:48.717378Z","level":"info","event":"[16:09:48] 🔄 Operation #11: UPDATED organization (Index=6) - employees: 9904, country: Italy","logger":"airflow.task.hooks.airflow.providers.standard.hooks.subprocess.SubprocessHook","filename":"subprocess.py","lineno":106}
{"timestamp":"2025-11-29T16:09:51.240303Z","level":"info","event":"[16:09:51] ✅ Operation #12: INSERTED new company 'Company 4094' from Japan (Index=104)","logger":"airflow.task.hooks.airflow.providers.standard.hooks.subprocess.SubprocessHook","filename":"subprocess.py","lineno":106}
{"timestamp":"2025-11-29T16:09:55.002286Z","level":"info","event":"[16:09:54] ❌ Operation #13: DELETED organization 'Carr Inc' (Index=9)","logger":"airflow.task.hooks.airflow.providers.standard.hooks.subprocess.SubprocessHook","filename":"subprocess.py","lineno":106}
{"timestamp":"2025-11-29T16:10:00.473832Z","level":"info","event":"[16:10:00] ✅ Operation #14: INSERTED new company 'Company 2608' from Japan (Index=105)","logger":"airflow.task.hooks.airflow.providers.standard.hooks.subprocess.SubprocessHook","filename":"subprocess.py","lineno":106}
{"timestamp":"2025-11-29T16:10:04.378361Z","level":"info","event":"[16:10:04] ❌ Operation #15: DELETED organization 'Henry-Thompson' (Index=6)","logger":"airflow.task.hooks.airflow.providers.standard.hooks.subprocess.SubprocessHook","filename":"subprocess.py","lineno":106}
{"timestamp":"2025-11-29T16:10:08.281088Z","level":"info","event":"[16:10:08] 🔄 Operation #16: UPDATED organization (Index=60) - employees: 437, country: Poland","logger":"airflow.task.hooks.airflow.providers.standard.hooks.subprocess.SubprocessHook","filename":"subprocess.py","lineno":106}
{"timestamp":"2025-11-29T16:10:11.730507Z","level":"info","event":"[16:10:11] 🔄 Operation #17: UPDATED organization (Index=22) - employees: 1353, country: Poland","logger":"airflow.task.hooks.airflow.providers.standard.hooks.subprocess.SubprocessHook","filename":"subprocess.py","lineno":106}
{"timestamp":"2025-11-29T16:10:15.281071Z","level":"info","event":"[16:10:15] ✅ Operation #18: INSERTED new company 'Company 4474' from USA (Index=106)","logger":"airflow.task.hooks.airflow.providers.standard.hooks.subprocess.SubprocessHook","filename":"subprocess.py","lineno":106}
{"timestamp":"2025-11-29T16:10:20.573709Z","level":"info","event":"[16:10:20] ❌ Operation #19: DELETED organization 'Mendez Inc' (Index=99)","logger":"airflow.task.hooks.airflow.providers.standard.hooks.subprocess.SubprocessHook","filename":"subprocess.py","lineno":106}
{"timestamp":"2025-11-29T16:10:25.271942Z","level":"info","event":"[16:10:25] ❌ Operation #20: DELETED organization 'Mccall-Holmes' (Index=73)","logger":"airflow.task.hooks.airflow.providers.standard.hooks.subprocess.SubprocessHook","filename":"subprocess.py","lineno":106}
{"timestamp":"2025-11-29T16:10:30.862333Z","level":"info","event":"[16:10:30] ✅ Operation #21: INSERTED new company 'Company 5817' from Brazil (Index=107)","logger":"airflow.task.hooks.airflow.providers.standard.hooks.subprocess.SubprocessHook","filename":"subprocess.py","lineno":106}
{"timestamp":"2025-11-29T16:10:34.899229Z","level":"info","event":"[16:10:34] ✅ Operation #22: INSERTED new company 'Company 6139' from USA (Index=108)","logger":"airflow.task.hooks.airflow.providers.standard.hooks.subprocess.SubprocessHook","filename":"subprocess.py","lineno":106}
{"timestamp":"2025-11-29T16:10:39.996091Z","level":"info","event":"[16:10:39] 🔄 Operation #23: UPDATED organization (Index=50) - employees: 927, country: USA","logger":"airflow.task.hooks.airflow.providers.standard.hooks.subprocess.SubprocessHook","filename":"subprocess.py","lineno":106}
{"timestamp":"2025-11-29T16:10:42.548405Z","level":"info","event":"[16:10:42] ❌ Operation #24: DELETED organization 'Mckinney, Riley and Day' (Index=2)","logger":"airflow.task.hooks.airflow.providers.standard.hooks.subprocess.SubprocessHook","filename":"subprocess.py","lineno":106}
{"timestamp":"2025-11-29T16:10:47.894038Z","level":"info","event":"[16:10:47] ✅ Operation #25: INSERTED new company 'Company 4757' from France (Index=109)","logger":"airflow.task.hooks.airflow.providers.standard.hooks.subprocess.SubprocessHook","filename":"subprocess.py","lineno":106}
{"timestamp":"2025-11-29T16:10:50.921774Z","level":"info","event":"[16:10:50] 🔄 Operation #26: UPDATED organization (Index=85) - employees: 7836, country: Spain","logger":"airflow.task.hooks.airflow.providers.standard.hooks.subprocess.SubprocessHook","filename":"subprocess.py","lineno":106}
{"timestamp":"2025-11-29T16:10:55.350341Z","level":"info","event":"[16:10:55] ✅ Operation #27: INSERTED new company 'Company 3377' from USA (Index=110)","logger":"airflow.task.hooks.airflow.providers.standard.hooks.subprocess.SubprocessHook","filename":"subprocess.py","lineno":106}
{"timestamp":"2025-11-29T16:11:01.287225Z","level":"info","event":"[16:11:01] 🔄 Operation #28: UPDATED organization (Index=28) - employees: 8496, country: Spain","logger":"airflow.task.hooks.airflow.providers.standard.hooks.subprocess.SubprocessHook","filename":"subprocess.py","lineno":106}
{"timestamp":"2025-11-29T16:11:03.833368Z","level":"info","event":"[16:11:03] 🔄 Operation #29: UPDATED organization (Index=74) - employees: 4835, country: Italy","logger":"airflow.task.hooks.airflow.providers.standard.hooks.subprocess.SubprocessHook","filename":"subprocess.py","lineno":106}
{"timestamp":"2025-11-29T16:11:07.926018Z","level":"info","event":"[16:11:07] ✅ Operation #30: INSERTED new company 'Company 1736' from Japan (Index=111)","logger":"airflow.task.hooks.airflow.providers.standard.hooks.subprocess.SubprocessHook","filename":"subprocess.py","lineno":106}
{"timestamp":"2025-11-29T16:11:13.785106Z","level":"info","event":"[16:11:13] 🔄 Operation #31: UPDATED organization (Index=58) - employees: 7631, country: Brazil","logger":"airflow.task.hooks.airflow.providers.standard.hooks.subprocess.SubprocessHook","filename":"subprocess.py","lineno":106}
{"timestamp":"2025-11-29T16:11:15.807286Z","level":"info","event":"[16:11:15] ✅ Operation #32: INSERTED new company 'Company 5355' from France (Index=112)","logger":"airflow.task.hooks.airflow.providers.standard.hooks.subprocess.SubprocessHook","filename":"subprocess.py","lineno":106}
{"timestamp":"2025-11-29T16:11:18.955686Z","level":"info","event":"[16:11:18] 🔄 Operation #33: UPDATED organization (Index=32) - employees: 4863, country: Japan","logger":"airflow.task.hooks.airflow.providers.standard.hooks.subprocess.SubprocessHook","filename":"subprocess.py","lineno":106}
{"timestamp":"2025-11-29T16:11:21.589987Z","level":"info","event":"[16:11:21] ✅ Operation #34: INSERTED new company 'Company 5457' from USA (Index=113)","logger":"airflow.task.hooks.airflow.providers.standard.hooks.subprocess.SubprocessHook","filename":"subprocess.py","lineno":106}
{"timestamp":"2025-11-29T16:11:24.678549Z","level":"info","event":"[16:11:24] 🔄 Operation #35: UPDATED organization (Index=36) - employees: 3771, country: France","logger":"airflow.task.hooks.airflow.providers.standard.hooks.subprocess.SubprocessHook","filename":"subprocess.py","lineno":106}
