{"timestamp":"2025-11-29T16:05:29.764514Z","level":"info","event":"DAG bundles loaded: dags-folder","logger":"airflow.dag_processing.bundles.manager.DagBundlesManager","filename":"manager.py","lineno":179}
{"timestamp":"2025-11-29T16:05:29.764917Z","level":"info","event":"Filling up the DagBag from /opt/airflow/dags/project_dag.py","logger":"airflow.models.dagbag.DagBag","filename":"dagbag.py","lineno":593}
{"timestamp":"2025-11-29T16:05:29.779275Z","level":"info","event":"Tmp dir root location: /tmp","logger":"airflow.task.hooks.airflow.providers.standard.hooks.subprocess.SubprocessHook","filename":"subprocess.py","lineno":78}
{"timestamp":"2025-11-29T16:05:29.779526Z","level":"info","event":"Running command: ['/usr/bin/bash', '-c', 'cd /opt/airflow/dags/scripts && python generate_data_load_postgres.py']","logger":"airflow.task.hooks.airflow.providers.standard.hooks.subprocess.SubprocessHook","filename":"subprocess.py","lineno":88}
{"timestamp":"2025-11-29T16:05:29.787021Z","level":"info","event":"Output:","logger":"airflow.task.hooks.airflow.providers.standard.hooks.subprocess.SubprocessHook","filename":"subprocess.py","lineno":99}
{"timestamp":"2025-11-29T16:05:30.266715Z","level":"info","event":"🧹 Cleaning database...","logger":"airflow.task.hooks.airflow.providers.standard.hooks.subprocess.SubprocessHook","filename":"subprocess.py","lineno":106}
{"timestamp":"2025-11-29T16:05:30.267515Z","level":"info","event":"   Dropping table: organizations_100","logger":"airflow.task.hooks.airflow.providers.standard.hooks.subprocess.SubprocessHook","filename":"subprocess.py","lineno":106}
{"timestamp":"2025-11-29T16:05:30.268133Z","level":"info","event":"   Dropping table: people_100","logger":"airflow.task.hooks.airflow.providers.standard.hooks.subprocess.SubprocessHook","filename":"subprocess.py","lineno":106}
{"timestamp":"2025-11-29T16:05:30.268350Z","level":"info","event":"   Dropping table: products_100","logger":"airflow.task.hooks.airflow.providers.standard.hooks.subprocess.SubprocessHook","filename":"subprocess.py","lineno":106}
{"timestamp":"2025-11-29T16:05:30.269466Z","level":"info","event":"✅ Database cleaned successfully!","logger":"airflow.task.hooks.airflow.providers.standard.hooks.subprocess.SubprocessHook","filename":"subprocess.py","lineno":106}
{"timestamp":"2025-11-29T16:05:30.269483Z","level":"info","event":"","logger":"airflow.task.hooks.airflow.providers.standard.hooks.subprocess.SubprocessHook","filename":"subprocess.py","lineno":106}
{"timestamp":"2025-11-29T16:05:30.274510Z","level":"info","event":"📊 Inserting data from CSV files...","logger":"airflow.task.hooks.airflow.providers.standard.hooks.subprocess.SubprocessHook","filename":"subprocess.py","lineno":106}
{"timestamp":"2025-11-29T16:05:30.289438Z","level":"info","event":"   ✅ 100 rows inserted into organizations_100 (next ID will be 101)","logger":"airflow.task.hooks.airflow.providers.standard.hooks.subprocess.SubprocessHook","filename":"subprocess.py","lineno":106}
{"timestamp":"2025-11-29T16:05:30.301202Z","level":"info","event":"   ✅ 100 rows inserted into people_100 (next ID will be 101)","logger":"airflow.task.hooks.airflow.providers.standard.hooks.subprocess.SubprocessHook","filename":"subprocess.py","lineno":106}
{"timestamp":"2025-11-29T16:05:30.317961Z","level":"info","event":"   ✅ 100 rows inserted into products_100 (next ID will be 101)","logger":"airflow.task.hooks.airflow.providers.standard.hooks.subprocess.SubprocessHook","filename":"subprocess.py","lineno":106}
{"timestamp":"2025-11-29T16:05:30.318590Z","level":"info","event":"","logger":"airflow.task.hooks.airflow.providers.standard.hooks.subprocess.SubprocessHook","filename":"subprocess.py","lineno":106}
{"timestamp":"2025-11-29T16:05:30.318647Z","level":"info","event":"✅ All data inserted successfully!","logger":"airflow.task.hooks.airflow.providers.standard.hooks.subprocess.SubprocessHook","filename":"subprocess.py","lineno":106}
{"timestamp":"2025-11-29T16:05:35.318770Z","level":"info","event":"","logger":"airflow.task.hooks.airflow.providers.standard.hooks.subprocess.SubprocessHook","filename":"subprocess.py","lineno":106}
{"timestamp":"2025-11-29T16:05:35.318931Z","level":"info","event":"🔄 Starting continuous data simulation...","logger":"airflow.task.hooks.airflow.providers.standard.hooks.subprocess.SubprocessHook","filename":"subprocess.py","lineno":106}
{"timestamp":"2025-11-29T16:05:35.318994Z","level":"info","event":"","logger":"airflow.task.hooks.airflow.providers.standard.hooks.subprocess.SubprocessHook","filename":"subprocess.py","lineno":106}
{"timestamp":"2025-11-29T16:05:39.613995Z","level":"info","event":"[16:05:39] ✅ Operation #1: INSERTED new company 'Company 1779' from Japan (Index=102)","logger":"airflow.task.hooks.airflow.providers.standard.hooks.subprocess.SubprocessHook","filename":"subprocess.py","lineno":106}
{"timestamp":"2025-11-29T16:05:43.765130Z","level":"info","event":"[16:05:43] ❌ Operation #2: DELETED organization 'Dickson, Richmond and Clay' (Index=27)","logger":"airflow.task.hooks.airflow.providers.standard.hooks.subprocess.SubprocessHook","filename":"subprocess.py","lineno":106}
{"timestamp":"2025-11-29T16:05:47.642626Z","level":"info","event":"[16:05:47] ❌ Operation #3: DELETED organization 'Watkins-Kaiser' (Index=100)","logger":"airflow.task.hooks.airflow.providers.standard.hooks.subprocess.SubprocessHook","filename":"subprocess.py","lineno":106}
{"timestamp":"2025-11-29T16:05:49.768111Z","level":"info","event":"[16:05:49] ❌ Operation #4: DELETED organization 'Mckenzie-Melton' (Index=18)","logger":"airflow.task.hooks.airflow.providers.standard.hooks.subprocess.SubprocessHook","filename":"subprocess.py","lineno":106}
{"timestamp":"2025-11-29T16:05:54.230136Z","level":"info","event":"[16:05:54] 🔄 Operation #5: UPDATED organization (Index=67) - employees: 2925, country: Germany","logger":"airflow.task.hooks.airflow.providers.standard.hooks.subprocess.SubprocessHook","filename":"subprocess.py","lineno":106}
{"timestamp":"2025-11-29T16:05:58.614399Z","level":"info","event":"[16:05:58] ✅ Operation #6: INSERTED new company 'Company 7038' from USA (Index=103)","logger":"airflow.task.hooks.airflow.providers.standard.hooks.subprocess.SubprocessHook","filename":"subprocess.py","lineno":106}
{"timestamp":"2025-11-29T16:06:03.035043Z","level":"info","event":"[16:06:03] 🔄 Operation #7: UPDATED organization (Index=61) - employees: 9310, country: Brazil","logger":"airflow.task.hooks.airflow.providers.standard.hooks.subprocess.SubprocessHook","filename":"subprocess.py","lineno":106}
{"timestamp":"2025-11-29T16:06:06.446607Z","level":"info","event":"[16:06:06] 🔄 Operation #8: UPDATED organization (Index=2) - employees: 2707, country: Brazil","logger":"airflow.task.hooks.airflow.providers.standard.hooks.subprocess.SubprocessHook","filename":"subprocess.py","lineno":106}
{"timestamp":"2025-11-29T16:06:10.331432Z","level":"info","event":"[16:06:10] ❌ Operation #9: DELETED organization 'Wallace, Madden and Morris' (Index=48)","logger":"airflow.task.hooks.airflow.providers.standard.hooks.subprocess.SubprocessHook","filename":"subprocess.py","lineno":106}
{"timestamp":"2025-11-29T16:06:15.296960Z","level":"info","event":"[16:06:15] ❌ Operation #10: DELETED organization 'Keller, Campos and Black' (Index=13)","logger":"airflow.task.hooks.airflow.providers.standard.hooks.subprocess.SubprocessHook","filename":"subprocess.py","lineno":106}
{"timestamp":"2025-11-29T16:06:18.259540Z","level":"info","event":"[16:06:18] 🔄 Operation #11: UPDATED organization (Index=38) - employees: 2992, country: Italy","logger":"airflow.task.hooks.airflow.providers.standard.hooks.subprocess.SubprocessHook","filename":"subprocess.py","lineno":106}
{"timestamp":"2025-11-29T16:06:23.215298Z","level":"info","event":"[16:06:23] 🔄 Operation #12: UPDATED organization (Index=47) - employees: 2855, country: Spain","logger":"airflow.task.hooks.airflow.providers.standard.hooks.subprocess.SubprocessHook","filename":"subprocess.py","lineno":106}
{"timestamp":"2025-11-29T16:06:27.899868Z","level":"info","event":"[16:06:27] 🔄 Operation #13: UPDATED organization (Index=58) - employees: 6495, country: Japan","logger":"airflow.task.hooks.airflow.providers.standard.hooks.subprocess.SubprocessHook","filename":"subprocess.py","lineno":106}
{"timestamp":"2025-11-29T16:06:32.838082Z","level":"info","event":"[16:06:32] ❌ Operation #14: DELETED organization 'Charles-Phillips' (Index=53)","logger":"airflow.task.hooks.airflow.providers.standard.hooks.subprocess.SubprocessHook","filename":"subprocess.py","lineno":106}
{"timestamp":"2025-11-29T16:06:36.377006Z","level":"info","event":"[16:06:36] ❌ Operation #15: DELETED organization 'Valenzuela, Holmes and Rowland' (Index=94)","logger":"airflow.task.hooks.airflow.providers.standard.hooks.subprocess.SubprocessHook","filename":"subprocess.py","lineno":106}
{"timestamp":"2025-11-29T16:06:40.738897Z","level":"info","event":"[16:06:40] ❌ Operation #16: DELETED organization 'Holmes Group' (Index=96)","logger":"airflow.task.hooks.airflow.providers.standard.hooks.subprocess.SubprocessHook","filename":"subprocess.py","lineno":106}
{"timestamp":"2025-11-29T16:06:45.419409Z","level":"info","event":"[16:06:45] 🔄 Operation #17: UPDATED organization (Index=95) - employees: 1013, country: France","logger":"airflow.task.hooks.airflow.providers.standard.hooks.subprocess.SubprocessHook","filename":"subprocess.py","lineno":106}
{"timestamp":"2025-11-29T16:06:49.161120Z","level":"info","event":"[16:06:49] ❌ Operation #18: DELETED organization 'Company 2714' (Index=105)","logger":"airflow.task.hooks.airflow.providers.standard.hooks.subprocess.SubprocessHook","filename":"subprocess.py","lineno":106}
{"timestamp":"2025-11-29T16:06:53.485002Z","level":"info","event":"[16:06:53] ✅ Operation #19: INSERTED new company 'Company 7242' from Italy (Index=109)","logger":"airflow.task.hooks.airflow.providers.standard.hooks.subprocess.SubprocessHook","filename":"subprocess.py","lineno":106}
{"timestamp":"2025-11-29T16:06:57.609161Z","level":"info","event":"[16:06:57] 🔄 Operation #20: UPDATED organization (Index=33) - employees: 5958, country: Germany","logger":"airflow.task.hooks.airflow.providers.standard.hooks.subprocess.SubprocessHook","filename":"subprocess.py","lineno":106}
{"timestamp":"2025-11-29T16:07:00.243471Z","level":"info","event":"[16:07:00] 🔄 Operation #21: UPDATED organization (Index=5) - employees: 6424, country: Japan","logger":"airflow.task.hooks.airflow.providers.standard.hooks.subprocess.SubprocessHook","filename":"subprocess.py","lineno":106}
